<?xml version="1.0" encoding="UTF-8"?>
<!-- Generated by org.testng.reporters.JUnitReportReporter -->
<testsuite hostname="DESKTOP-UG4A5PN" failures="0" tests="1" name="com.sample.Example" time="6.549" errors="0" timestamp="2023-02-07T11:13:19 IST" skipped="0">
  <testcase classname="com.sample.Example" name="TC001_LoginValidCase" time="6.549"/>
  <system-out/>
</testsuite> <!-- com.sample.Example -->
