<?xml version="1.0" encoding="UTF-8"?>
<!-- Generated by org.testng.reporters.JUnitReportReporter -->
<testsuite hostname="DESKTOP-UG4A5PN" failures="0" tests="1" name="lws.selenium.testcases.DashboardTest" time="27.820" errors="0" timestamp="2023-02-17T16:05:03 IST" skipped="0">
  <testcase classname="lws.selenium.testcases.DashboardTest" name="TC002_Dashboard" time="27.820"/>
  <system-out/>
</testsuite> <!-- lws.selenium.testcases.DashboardTest -->
