<?xml version="1.0" encoding="UTF-8"?>
<!-- Generated by org.testng.reporters.JUnitReportReporter -->
<testsuite hostname="DESKTOP-UG4A5PN" failures="0" tests="3" name="lws.selenium.testcases.Dashboard_helper" time="11.673" errors="0" timestamp="2023-02-13T11:40:31 IST" skipped="0">
  <testcase classname="lws.selenium.testcases.Dashboard_helper" name="TC001_LoginPage" time="7.675"/>
  <system-out/>
  <testcase classname="lws.selenium.testcases.Dashboard_helper" name="TC002_SelectOrganization" time="0.305"/>
  <system-out/>
  <testcase classname="lws.selenium.testcases.Dashboard_helper" name="TC003_SelectAccount" time="3.693"/>
  <system-out/>
</testsuite> <!-- lws.selenium.testcases.Dashboard_helper -->
