<?xml version="1.0" encoding="UTF-8"?>
<!-- Generated by org.testng.reporters.JUnitReportReporter -->
<testsuite hostname="DESKTOP-UG4A5PN" failures="0" tests="1" name="com.sample.Login" time="5.818" errors="0" timestamp="2023-02-08T15:46:15 IST" skipped="0">
  <testcase classname="com.sample.Login" name="Tc001_Login" time="5.818"/>
  <system-out/>
</testsuite> <!-- com.sample.Login -->
