<?xml version="1.0" encoding="UTF-8"?>
<!-- Generated by org.testng.reporters.JUnitReportReporter -->
<testsuite hostname="DESKTOP-UG4A5PN" failures="0" tests="1" name="lws.selenium.testcases.LoginTest" time="27.756" errors="0" timestamp="2023-02-17T16:05:03 IST" skipped="0">
  <testcase classname="lws.selenium.testcases.LoginTest" name="TC001_LoginValidCase" time="27.756"/>
  <system-out/>
</testsuite> <!-- lws.selenium.testcases.LoginTest -->
