<?xml version="1.0" encoding="UTF-8"?>
<!-- Generated by org.testng.reporters.JUnitReportReporter -->
<testsuite hostname="DESKTOP-UG4A5PN" failures="0" tests="16" name="lws.selenium.testcases.Login_helper" time="7.816" errors="0" timestamp="2023-02-13T11:33:30 IST" skipped="14">
  <testcase classname="lws.selenium.testcases.Login_helper" name="TC001_LoginPage" time="6.844"/>
  <system-out/>
  <testcase classname="lws.selenium.testcases.Login_helper" name="TC005_ClickUser" time="0.972"/>
  <system-out/>
  <testcase classname="lws.selenium.testcases.Login_helper" name="TC011_product">
    <skipped/>
  </testcase> <!-- TC011_product -->
  <system-out/>
  <testcase classname="lws.selenium.testcases.Login_helper" name="TC011_product">
    <skipped/>
  </testcase> <!-- TC011_product -->
  <system-out/>
  <testcase classname="lws.selenium.testcases.Login_helper" name="TC007_Permission">
    <skipped/>
  </testcase> <!-- TC007_Permission -->
  <system-out/>
  <testcase classname="lws.selenium.testcases.Login_helper" name="TC007_Permission">
    <skipped/>
  </testcase> <!-- TC007_Permission -->
  <system-out/>
  <testcase classname="lws.selenium.testcases.Login_helper" name="TC010_Import">
    <skipped/>
  </testcase> <!-- TC010_Import -->
  <system-out/>
  <testcase classname="lws.selenium.testcases.Login_helper" name="TC010_Import">
    <skipped/>
  </testcase> <!-- TC010_Import -->
  <system-out/>
  <testcase classname="lws.selenium.testcases.Login_helper" name="TC008_Users">
    <skipped/>
  </testcase> <!-- TC008_Users -->
  <system-out/>
  <testcase classname="lws.selenium.testcases.Login_helper" name="TC008_Users">
    <skipped/>
  </testcase> <!-- TC008_Users -->
  <system-out/>
  <testcase classname="lws.selenium.testcases.Login_helper" name="TC006_DeleteUser">
    <skipped/>
  </testcase> <!-- TC006_DeleteUser -->
  <system-out/>
  <testcase classname="lws.selenium.testcases.Login_helper" name="TC006_DeleteUser">
    <skipped/>
  </testcase> <!-- TC006_DeleteUser -->
  <system-out/>
  <testcase classname="lws.selenium.testcases.Login_helper" name="TC006_AddRoles">
    <skipped/>
  </testcase> <!-- TC006_AddRoles -->
  <system-out/>
  <testcase classname="lws.selenium.testcases.Login_helper" name="TC006_AddRoles">
    <skipped/>
  </testcase> <!-- TC006_AddRoles -->
  <system-out/>
  <testcase classname="lws.selenium.testcases.Login_helper" name="TC009_DownloadTemlate">
    <skipped/>
  </testcase> <!-- TC009_DownloadTemlate -->
  <system-out/>
  <testcase classname="lws.selenium.testcases.Login_helper" name="TC009_DownloadTemlate">
    <skipped/>
  </testcase> <!-- TC009_DownloadTemlate -->
  <system-out/>
</testsuite> <!-- lws.selenium.testcases.Login_helper -->
