<?xml version="1.0" encoding="UTF-8"?>
<!-- Generated by org.testng.reporters.JUnitReportReporter -->
<testsuite hostname="DESKTOP-UG4A5PN" failures="0" tests="1" name="lws.selenium.testcases.UserslocatorTest" time="24.177" errors="0" timestamp="2023-02-17T16:05:03 IST" skipped="0">
  <testcase classname="lws.selenium.testcases.UserslocatorTest" name="TC005_UserLocator" time="24.177"/>
  <system-out/>
</testsuite> <!-- lws.selenium.testcases.UserslocatorTest -->
