<?xml version="1.0" encoding="UTF-8"?>
<!-- Generated by org.testng.reporters.JUnitReportReporter -->
<testsuite hostname="DESKTOP-UG4A5PN" failures="0" tests="1" name="lws.selenium.testcases.PermissionTest" time="23.333" errors="0" timestamp="2023-02-17T16:05:03 IST" skipped="0">
  <testcase classname="lws.selenium.testcases.PermissionTest" name="TC006_Permission" time="23.333"/>
  <system-out/>
</testsuite> <!-- lws.selenium.testcases.PermissionTest -->
