<?xml version="1.0" encoding="UTF-8"?>
<!-- Generated by org.testng.reporters.JUnitReportReporter -->
<testsuite hostname="DESKTOP-UG4A5PN" failures="0" tests="12" name="lws.selenium.testcases.k2_project" time="32.923" errors="0" timestamp="2023-02-13T10:31:16 IST" skipped="8">
  <testcase classname="lws.selenium.testcases.k2_project" name="TC001_LoginPage" time="26.470"/>
  <system-out/>
  <testcase classname="lws.selenium.testcases.k2_project" name="TC002_SelectOrganization" time="0.343"/>
  <system-out/>
  <testcase classname="lws.selenium.testcases.k2_project" name="TC003_SelectAccount" time="4.861"/>
  <system-out/>
  <testcase classname="lws.selenium.testcases.k2_project" name="TC005_ClickUser" time="1.249"/>
  <system-out/>
  <testcase classname="lws.selenium.testcases.k2_project" name="TC008_Users">
    <skipped/>
  </testcase> <!-- TC008_Users -->
  <system-out/>
  <testcase classname="lws.selenium.testcases.k2_project" name="TC006_AddRoles">
    <skipped/>
  </testcase> <!-- TC006_AddRoles -->
  <system-out/>
  <testcase classname="lws.selenium.testcases.k2_project" name="TC004_location">
    <skipped/>
  </testcase> <!-- TC004_location -->
  <system-out/>
  <testcase classname="lws.selenium.testcases.k2_project" name="TC009_DownloadTemlate">
    <skipped/>
  </testcase> <!-- TC009_DownloadTemlate -->
  <system-out/>
  <testcase classname="lws.selenium.testcases.k2_project" name="TC006_DeleteUser">
    <skipped/>
  </testcase> <!-- TC006_DeleteUser -->
  <system-out/>
  <testcase classname="lws.selenium.testcases.k2_project" name="TC007_Permission">
    <skipped/>
  </testcase> <!-- TC007_Permission -->
  <system-out/>
  <testcase classname="lws.selenium.testcases.k2_project" name="TC010_Import">
    <skipped/>
  </testcase> <!-- TC010_Import -->
  <system-out/>
  <testcase classname="lws.selenium.testcases.k2_project" name="TC011_product">
    <skipped/>
  </testcase> <!-- TC011_product -->
  <system-out/>
</testsuite> <!-- lws.selenium.testcases.k2_project -->
