<?xml version="1.0" encoding="UTF-8"?>
<!-- Generated by org.testng.reporters.JUnitReportReporter -->
<testsuite hostname="DESKTOP-UG4A5PN" failures="0" tests="6" name="lws.selenium.testcases.User_helper" time="18.105" errors="0" timestamp="2023-02-13T13:56:17 IST" skipped="0">
  <testcase classname="lws.selenium.testcases.User_helper" name="TC001_LoginPage" time="5.142"/>
  <system-out/>
  <testcase classname="lws.selenium.testcases.User_helper" name="TC002_SelectOrganization" time="0.320"/>
  <system-out/>
  <testcase classname="lws.selenium.testcases.User_helper" name="TC003_SelectAccount" time="3.564"/>
  <system-out/>
  <testcase classname="lws.selenium.testcases.User_helper" name="TC005_ClickUser" time="0.062"/>
  <system-out/>
  <testcase classname="lws.selenium.testcases.User_helper" name="TC006_AddRoles" time="7.795"/>
  <system-out/>
  <testcase classname="lws.selenium.testcases.User_helper" name="TC006_DeleteUser" time="1.222"/>
  <system-out/>
</testsuite> <!-- lws.selenium.testcases.User_helper -->
