<?xml version="1.0" encoding="UTF-8"?>
<!-- Generated by org.testng.reporters.JUnitReportReporter -->
<testsuite hostname="DESKTOP-UG4A5PN" failures="0" tests="7" name="lws.selenium.testcases.Permission_helper" time="29.233" errors="0" timestamp="2023-02-13T17:00:56 IST" skipped="0">
  <testcase classname="lws.selenium.testcases.Permission_helper" name="TC001_LoginPage" time="12.074"/>
  <system-out/>
  <testcase classname="lws.selenium.testcases.Permission_helper" name="TC002_SelectOrganization" time="0.279"/>
  <system-out/>
  <testcase classname="lws.selenium.testcases.Permission_helper" name="TC003_SelectAccount" time="3.810"/>
  <system-out/>
  <testcase classname="lws.selenium.testcases.Permission_helper" name="TC005_ClickUser" time="0.097"/>
  <system-out/>
  <testcase classname="lws.selenium.testcases.Permission_helper" name="TC006_AddRoles" time="8.006"/>
  <system-out/>
  <testcase classname="lws.selenium.testcases.Permission_helper" name="TC006_DeleteUser" time="0.980"/>
  <system-out/>
  <testcase classname="lws.selenium.testcases.Permission_helper" name="TC007_Permission" time="3.987"/>
  <system-out/>
</testsuite> <!-- lws.selenium.testcases.Permission_helper -->
