<?xml version="1.0" encoding="UTF-8"?>
<!-- Generated by org.testng.reporters.JUnitReportReporter -->
<testsuite hostname="DESKTOP-UG4A5PN" failures="0" tests="8" name="lws.selenium.testcases.Userslocater_helper" time="24.304" errors="0" timestamp="2023-02-13T17:13:09 IST" skipped="0">
  <testcase classname="lws.selenium.testcases.Userslocater_helper" name="TC001_LoginPage" time="6.937"/>
  <system-out/>
  <testcase classname="lws.selenium.testcases.Userslocater_helper" name="TC002_SelectOrganization" time="0.291"/>
  <system-out/>
  <testcase classname="lws.selenium.testcases.Userslocater_helper" name="TC003_SelectAccount" time="3.741"/>
  <system-out/>
  <testcase classname="lws.selenium.testcases.Userslocater_helper" name="TC005_ClickUser" time="0.065"/>
  <system-out/>
  <testcase classname="lws.selenium.testcases.Userslocater_helper" name="TC006_AddRoles" time="7.793"/>
  <system-out/>
  <testcase classname="lws.selenium.testcases.Userslocater_helper" name="TC006_DeleteUser" time="0.934"/>
  <system-out/>
  <testcase classname="lws.selenium.testcases.Userslocater_helper" name="TC007_Permission" time="2.851"/>
  <system-out/>
  <testcase classname="lws.selenium.testcases.Userslocater_helper" name="TC008_UsersLocaters" time="1.692"/>
  <system-out/>
</testsuite> <!-- lws.selenium.testcases.Userslocater_helper -->
