<?xml version="1.0" encoding="UTF-8"?>
<!-- Generated by org.testng.reporters.JUnitReportReporter -->
<testsuite hostname="DESKTOP-IQ1N7QH" failures="0" tests="1" name="com.lws.action.facebook" time="5.116" errors="0" timestamp="2023-03-02T15:24:55 IST" skipped="0">
  <testcase classname="com.lws.action.facebook" name="lanuch" time="5.116"/>
  <system-out/>
</testsuite> <!-- com.lws.action.facebook -->
