<?xml version="1.0" encoding="UTF-8"?>
<!-- Generated by org.testng.reporters.JUnitReportReporter -->
<testsuite hostname="DESKTOP-UG4A5PN" failures="0" tests="4" name="lws.selenium.testcases.Location_helper" time="9.017" errors="0" timestamp="2023-02-13T13:50:17 IST" skipped="1">
  <testcase classname="lws.selenium.testcases.Location_helper" name="TC001_LoginPage" time="5.125"/>
  <system-out/>
  <testcase classname="lws.selenium.testcases.Location_helper" name="TC002_SelectOrganization" time="0.323"/>
  <system-out/>
  <testcase classname="lws.selenium.testcases.Location_helper" name="TC003_SelectAccount" time="3.569"/>
  <system-out/>
  <testcase classname="lws.selenium.testcases.Location_helper" name="TC004_location">
    <skipped/>
  </testcase> <!-- TC004_location -->
  <system-out/>
</testsuite> <!-- lws.selenium.testcases.Location_helper -->
